<?xml version="1.0" encoding="UTF-8"?>
<coverage generated="1611090613889" clover="3.2.0">
  <project timestamp="1611090613889" name="All files">
    <metrics statements="58" coveredstatements="58" conditionals="14" coveredconditionals="14" methods="9" coveredmethods="9" elements="81" coveredelements="81" complexity="0" loc="58" ncloc="58" packages="1" files="4" classes="4"/>
    <file name="block.js" path="/home/dani/Documentos/blockchain/ejercicio1/block.js">
      <metrics statements="23" coveredstatements="23" conditionals="2" coveredconditionals="2" methods="4" coveredmethods="4"/>
      <line num="1" count="2" type="stmt"/>
      <line num="2" count="2" type="stmt"/>
      <line num="3" count="2" type="stmt"/>
      <line num="7" count="54" type="stmt"/>
      <line num="8" count="54" type="stmt"/>
      <line num="9" count="54" type="stmt"/>
      <line num="10" count="54" type="stmt"/>
      <line num="11" count="54" type="stmt"/>
      <line num="12" count="54" type="stmt"/>
      <line num="16" count="2" type="stmt"/>
      <line num="17" count="2" type="stmt"/>
      <line num="19" count="2" type="cond" truecount="2" falsecount="0"/>
      <line num="21" count="1" type="stmt"/>
      <line num="26" count="32" type="stmt"/>
      <line num="35" count="20" type="stmt"/>
      <line num="36" count="20" type="stmt"/>
      <line num="37" count="20" type="stmt"/>
      <line num="39" count="20" type="stmt"/>
      <line num="40" count="155" type="stmt"/>
      <line num="41" count="155" type="stmt"/>
      <line num="42" count="155" type="stmt"/>
      <line num="45" count="20" type="stmt"/>
      <line num="59" count="2" type="stmt"/>
    </file>
    <file name="blockchain.js" path="/home/dani/Documentos/blockchain/ejercicio1/blockchain.js">
      <metrics statements="25" coveredstatements="25" conditionals="12" coveredconditionals="12" methods="4" coveredmethods="4"/>
      <line num="1" count="1" type="stmt"/>
      <line num="2" count="1" type="stmt"/>
      <line num="7" count="22" type="stmt"/>
      <line num="12" count="19" type="stmt"/>
      <line num="16" count="19" type="stmt"/>
      <line num="21" count="3" type="cond" truecount="2" falsecount="0"/>
      <line num="22" count="1" type="stmt"/>
      <line num="23" count="1" type="stmt"/>
      <line num="25" count="2" type="cond" truecount="2" falsecount="0"/>
      <line num="27" count="1" type="stmt"/>
      <line num="28" count="1" type="stmt"/>
      <line num="31" count="1" type="stmt"/>
      <line num="32" count="1" type="stmt"/>
      <line num="37" count="7" type="cond" truecount="2" falsecount="0"/>
      <line num="38" count="1" type="stmt"/>
      <line num="41" count="6" type="stmt"/>
      <line num="43" count="16" type="stmt"/>
      <line num="44" count="16" type="stmt"/>
      <line num="45" count="16" type="stmt"/>
      <line num="47" count="16" type="cond" truecount="2" falsecount="0"/>
      <line num="50" count="15" type="stmt"/>
      <line num="51" count="15" type="cond" truecount="2" falsecount="0"/>
      <line num="53" count="13" type="cond" truecount="2" falsecount="0"/>
      <line num="56" count="2" type="stmt"/>
      <line num="63" count="1" type="stmt"/>
    </file>
    <file name="config.js" path="/home/dani/Documentos/blockchain/ejercicio1/config.js">
      <metrics statements="4" coveredstatements="4" conditionals="0" coveredconditionals="0" methods="0" coveredmethods="0"/>
      <line num="1" count="2" type="stmt"/>
      <line num="2" count="2" type="stmt"/>
      <line num="4" count="2" type="stmt"/>
      <line num="12" count="2" type="stmt"/>
    </file>
    <file name="crypto-hash.js" path="/home/dani/Documentos/blockchain/ejercicio1/crypto-hash.js">
      <metrics statements="6" coveredstatements="6" conditionals="0" coveredconditionals="0" methods="1" coveredmethods="1"/>
      <line num="1" count="3" type="stmt"/>
      <line num="3" count="3" type="stmt"/>
      <line num="5" count="175" type="stmt"/>
      <line num="7" count="175" type="stmt"/>
      <line num="9" count="175" type="stmt"/>
      <line num="13" count="3" type="stmt"/>
    </file>
  </project>
</coverage>
