<?xml version="1.0" encoding="UTF-8"?>
<coverage generated="1610306926333" clover="3.2.0">
  <project timestamp="1610306926333" name="All files">
    <metrics statements="50" coveredstatements="50" conditionals="10" coveredconditionals="10" methods="8" coveredmethods="8" elements="68" coveredelements="68" complexity="0" loc="50" ncloc="50" packages="1" files="4" classes="4"/>
    <file name="block.js" path="C:\Users\Daniel\Documents\Blockchain\blockchain\ejercicio1\block.js">
      <metrics statements="18" coveredstatements="18" conditionals="0" coveredconditionals="0" methods="3" coveredmethods="3"/>
      <line num="1" count="2" type="stmt"/>
      <line num="2" count="2" type="stmt"/>
      <line num="6" count="47" type="stmt"/>
      <line num="7" count="47" type="stmt"/>
      <line num="8" count="47" type="stmt"/>
      <line num="9" count="47" type="stmt"/>
      <line num="10" count="47" type="stmt"/>
      <line num="11" count="47" type="stmt"/>
      <line num="16" count="29" type="stmt"/>
      <line num="26" count="17" type="stmt"/>
      <line num="27" count="17" type="stmt"/>
      <line num="28" count="17" type="stmt"/>
      <line num="30" count="17" type="stmt"/>
      <line num="31" count="33138" type="stmt"/>
      <line num="32" count="33138" type="stmt"/>
      <line num="33" count="33138" type="stmt"/>
      <line num="35" count="17" type="stmt"/>
      <line num="49" count="2" type="stmt"/>
    </file>
    <file name="blockchain.js" path="C:\Users\Daniel\Documents\Blockchain\blockchain\ejercicio1\blockchain.js">
      <metrics statements="23" coveredstatements="23" conditionals="10" coveredconditionals="10" methods="4" coveredmethods="4"/>
      <line num="1" count="1" type="stmt"/>
      <line num="2" count="1" type="stmt"/>
      <line num="7" count="20" type="stmt"/>
      <line num="12" count="16" type="stmt"/>
      <line num="16" count="16" type="stmt"/>
      <line num="21" count="3" type="cond" truecount="2" falsecount="0"/>
      <line num="22" count="1" type="stmt"/>
      <line num="23" count="1" type="stmt"/>
      <line num="25" count="2" type="cond" truecount="2" falsecount="0"/>
      <line num="27" count="1" type="stmt"/>
      <line num="28" count="1" type="stmt"/>
      <line num="31" count="1" type="stmt"/>
      <line num="32" count="1" type="stmt"/>
      <line num="37" count="6" type="cond" truecount="2" falsecount="0"/>
      <line num="38" count="1" type="stmt"/>
      <line num="41" count="5" type="stmt"/>
      <line num="43" count="12" type="stmt"/>
      <line num="45" count="12" type="stmt"/>
      <line num="46" count="12" type="cond" truecount="2" falsecount="0"/>
      <line num="49" count="11" type="stmt"/>
      <line num="50" count="11" type="cond" truecount="2" falsecount="0"/>
      <line num="53" count="2" type="stmt"/>
      <line num="60" count="1" type="stmt"/>
    </file>
    <file name="config.js" path="C:\Users\Daniel\Documents\Blockchain\blockchain\ejercicio1\config.js">
      <metrics statements="3" coveredstatements="3" conditionals="0" coveredconditionals="0" methods="0" coveredmethods="0"/>
      <line num="1" count="2" type="stmt"/>
      <line num="3" count="2" type="stmt"/>
      <line num="11" count="2" type="stmt"/>
    </file>
    <file name="crypto-hash.js" path="C:\Users\Daniel\Documents\Blockchain\blockchain\ejercicio1\crypto-hash.js">
      <metrics statements="6" coveredstatements="6" conditionals="0" coveredconditionals="0" methods="1" coveredmethods="1"/>
      <line num="1" count="3" type="stmt"/>
      <line num="3" count="3" type="stmt"/>
      <line num="5" count="33153" type="stmt"/>
      <line num="7" count="33153" type="stmt"/>
      <line num="9" count="33153" type="stmt"/>
      <line num="13" count="3" type="stmt"/>
    </file>
  </project>
</coverage>
