{"C:\\Users\\Daniel\\Documents\\Blockchain\\blockchain\\ejercicio1\\block.js": {"path":"C:\\Users\\Daniel\\Documents\\Blockchain\\blockchain\\ejercicio1\\block.js","statementMap":{"0":{"start":{"line":1,"column":23},"end":{"line":1,"column":42}},"1":{"start":{"line":2,"column":19},"end":{"line":2,"column":43}},"2":{"start":{"line":6,"column":2},"end":{"line":6,"column":30}},"3":{"start":{"line":7,"column":2},"end":{"line":7,"column":28}},"4":{"start":{"line":8,"column":2},"end":{"line":8,"column":21}},"5":{"start":{"line":9,"column":2},"end":{"line":9,"column":21}},"6":{"start":{"line":10,"column":2},"end":{"line":10,"column":23}},"7":{"start":{"line":11,"column":2},"end":{"line":11,"column":31}},"8":{"start":{"line":16,"column":2},"end":{"line":16,"column":32}},"9":{"start":{"line":26,"column":19},"end":{"line":26,"column":33}},"10":{"start":{"line":27,"column":23},"end":{"line":27,"column":32}},"11":{"start":{"line":28,"column":14},"end":{"line":28,"column":15}},"12":{"start":{"line":30,"column":2},"end":{"line":34,"column":66}},"13":{"start":{"line":31,"column":3},"end":{"line":31,"column":12}},"14":{"start":{"line":32,"column":3},"end":{"line":32,"column":26}},"15":{"start":{"line":33,"column":3},"end":{"line":33,"column":67}},"16":{"start":{"line":35,"column":2},"end":{"line":42,"column":5}},"17":{"start":{"line":49,"column":0},"end":{"line":49,"column":23}}},"fnMap":{"0":{"name":"(anonymous_0)","decl":{"start":{"line":5,"column":1},"end":{"line":5,"column":2}},"loc":{"start":{"line":5,"column":66},"end":{"line":12,"column":2}},"line":5},"1":{"name":"(anonymous_1)","decl":{"start":{"line":14,"column":1},"end":{"line":14,"column":2}},"loc":{"start":{"line":14,"column":18},"end":{"line":18,"column":2}},"line":14},"2":{"name":"(anonymous_2)","decl":{"start":{"line":20,"column":1},"end":{"line":20,"column":2}},"loc":{"start":{"line":20,"column":37},"end":{"line":45,"column":2}},"line":20}},"branchMap":{},"s":{"0":2,"1":2,"2":47,"3":47,"4":47,"5":47,"6":47,"7":47,"8":29,"9":17,"10":17,"11":17,"12":17,"13":33138,"14":33138,"15":33138,"16":17,"17":2},"f":{"0":47,"1":29,"2":17},"b":{},"_coverageSchema":"1a1c01bbd47fc00a2c39e90264f33305004495a9","hash":"8bee65c261231f09ffb14abd966ec93dc1493a64"}
,"C:\\Users\\Daniel\\Documents\\Blockchain\\blockchain\\ejercicio1\\blockchain.js": {"path":"C:\\Users\\Daniel\\Documents\\Blockchain\\blockchain\\ejercicio1\\blockchain.js","statementMap":{"0":{"start":{"line":1,"column":14},"end":{"line":1,"column":32}},"1":{"start":{"line":2,"column":19},"end":{"line":2,"column":43}},"2":{"start":{"line":7,"column":2},"end":{"line":7,"column":33}},"3":{"start":{"line":12,"column":19},"end":{"line":15,"column":4}},"4":{"start":{"line":16,"column":2},"end":{"line":16,"column":28}},"5":{"start":{"line":21,"column":2},"end":{"line":24,"column":3}},"6":{"start":{"line":22,"column":3},"end":{"line":22,"column":53}},"7":{"start":{"line":23,"column":3},"end":{"line":23,"column":10}},"8":{"start":{"line":25,"column":2},"end":{"line":29,"column":3}},"9":{"start":{"line":27,"column":3},"end":{"line":27,"column":51}},"10":{"start":{"line":28,"column":3},"end":{"line":28,"column":10}},"11":{"start":{"line":31,"column":2},"end":{"line":31,"column":45}},"12":{"start":{"line":32,"column":2},"end":{"line":32,"column":21}},"13":{"start":{"line":37,"column":2},"end":{"line":38,"column":16}},"14":{"start":{"line":38,"column":3},"end":{"line":38,"column":16}},"15":{"start":{"line":41,"column":2},"end":{"line":51,"column":3}},"16":{"start":{"line":41,"column":14},"end":{"line":41,"column":15}},"17":{"start":{"line":43,"column":65},"end":{"line":43,"column":73}},"18":{"start":{"line":45,"column":26},"end":{"line":45,"column":41}},"19":{"start":{"line":46,"column":3},"end":{"line":46,"column":48}},"20":{"start":{"line":46,"column":35},"end":{"line":46,"column":48}},"21":{"start":{"line":49,"column":25},"end":{"line":49,"column":81}},"22":{"start":{"line":50,"column":3},"end":{"line":50,"column":43}},"23":{"start":{"line":50,"column":30},"end":{"line":50,"column":43}},"24":{"start":{"line":53,"column":2},"end":{"line":53,"column":14}},"25":{"start":{"line":60,"column":0},"end":{"line":60,"column":28}}},"fnMap":{"0":{"name":"(anonymous_0)","decl":{"start":{"line":6,"column":1},"end":{"line":6,"column":2}},"loc":{"start":{"line":6,"column":14},"end":{"line":8,"column":2}},"line":6},"1":{"name":"(anonymous_1)","decl":{"start":{"line":10,"column":1},"end":{"line":10,"column":2}},"loc":{"start":{"line":10,"column":17},"end":{"line":17,"column":2}},"line":10},"2":{"name":"(anonymous_2)","decl":{"start":{"line":19,"column":1},"end":{"line":19,"column":2}},"loc":{"start":{"line":19,"column":20},"end":{"line":33,"column":2}},"line":19},"3":{"name":"(anonymous_3)","decl":{"start":{"line":35,"column":1},"end":{"line":35,"column":2}},"loc":{"start":{"line":35,"column":27},"end":{"line":55,"column":2}},"line":35}},"branchMap":{"0":{"loc":{"start":{"line":21,"column":2},"end":{"line":24,"column":3}},"type":"if","locations":[{"start":{"line":21,"column":2},"end":{"line":24,"column":3}},{"start":{"line":21,"column":2},"end":{"line":24,"column":3}}],"line":21},"1":{"loc":{"start":{"line":25,"column":2},"end":{"line":29,"column":3}},"type":"if","locations":[{"start":{"line":25,"column":2},"end":{"line":29,"column":3}},{"start":{"line":25,"column":2},"end":{"line":29,"column":3}}],"line":25},"2":{"loc":{"start":{"line":37,"column":2},"end":{"line":38,"column":16}},"type":"if","locations":[{"start":{"line":37,"column":2},"end":{"line":38,"column":16}},{"start":{"line":37,"column":2},"end":{"line":38,"column":16}}],"line":37},"3":{"loc":{"start":{"line":46,"column":3},"end":{"line":46,"column":48}},"type":"if","locations":[{"start":{"line":46,"column":3},"end":{"line":46,"column":48}},{"start":{"line":46,"column":3},"end":{"line":46,"column":48}}],"line":46},"4":{"loc":{"start":{"line":50,"column":3},"end":{"line":50,"column":43}},"type":"if","locations":[{"start":{"line":50,"column":3},"end":{"line":50,"column":43}},{"start":{"line":50,"column":3},"end":{"line":50,"column":43}}],"line":50}},"s":{"0":1,"1":1,"2":20,"3":16,"4":16,"5":3,"6":1,"7":1,"8":2,"9":1,"10":1,"11":1,"12":1,"13":6,"14":1,"15":5,"16":5,"17":12,"18":12,"19":12,"20":1,"21":11,"22":11,"23":2,"24":2,"25":1},"f":{"0":20,"1":16,"2":3,"3":6},"b":{"0":[1,2],"1":[1,1],"2":[1,5],"3":[1,11],"4":[2,9]},"_coverageSchema":"1a1c01bbd47fc00a2c39e90264f33305004495a9","hash":"de6f1a13911393a5fd5ec4693ffed86057b1e869"}
,"C:\\Users\\Daniel\\Documents\\Blockchain\\blockchain\\ejercicio1\\config.js": {"path":"C:\\Users\\Daniel\\Documents\\Blockchain\\blockchain\\ejercicio1\\config.js","statementMap":{"0":{"start":{"line":1,"column":27},"end":{"line":1,"column":28}},"1":{"start":{"line":3,"column":21},"end":{"line":10,"column":1}},"2":{"start":{"line":11,"column":0},"end":{"line":11,"column":32}}},"fnMap":{},"branchMap":{},"s":{"0":2,"1":2,"2":2},"f":{},"b":{},"_coverageSchema":"1a1c01bbd47fc00a2c39e90264f33305004495a9","hash":"7e7b45cfea34525004e8b259ea0c3d28fc60c390"}
,"C:\\Users\\Daniel\\Documents\\Blockchain\\blockchain\\ejercicio1\\crypto-hash.js": {"path":"C:\\Users\\Daniel\\Documents\\Blockchain\\blockchain\\ejercicio1\\crypto-hash.js","statementMap":{"0":{"start":{"line":1,"column":15},"end":{"line":1,"column":32}},"1":{"start":{"line":3,"column":19},"end":{"line":10,"column":1}},"2":{"start":{"line":5,"column":14},"end":{"line":5,"column":41}},"3":{"start":{"line":7,"column":1},"end":{"line":7,"column":38}},"4":{"start":{"line":9,"column":2},"end":{"line":9,"column":28}},"5":{"start":{"line":13,"column":0},"end":{"line":13,"column":28}}},"fnMap":{"0":{"name":"(anonymous_0)","decl":{"start":{"line":3,"column":19},"end":{"line":3,"column":20}},"loc":{"start":{"line":3,"column":33},"end":{"line":10,"column":1}},"line":3}},"branchMap":{},"s":{"0":3,"1":3,"2":33153,"3":33153,"4":33153,"5":3},"f":{"0":33153},"b":{},"_coverageSchema":"1a1c01bbd47fc00a2c39e90264f33305004495a9","hash":"eb4ccdd2097be08b96b92ccf1d3a6e65ee681cd1"}
}
