TN:
SF:block.js
FN:6,(anonymous_0)
FN:15,(anonymous_1)
FN:24,(anonymous_2)
FN:30,(anonymous_3)
FNF:4
FNH:4
FNDA:54,(anonymous_0)
FNDA:2,(anonymous_1)
FNDA:32,(anonymous_2)
FNDA:20,(anonymous_3)
DA:1,2
DA:2,2
DA:3,2
DA:7,54
DA:8,54
DA:9,54
DA:10,54
DA:11,54
DA:12,54
DA:16,2
DA:17,2
DA:19,2
DA:21,1
DA:26,32
DA:35,20
DA:36,20
DA:37,20
DA:39,20
DA:40,155
DA:41,155
DA:42,155
DA:45,20
DA:59,2
LF:23
LH:23
BRDA:19,0,0,1
BRDA:19,0,1,1
BRF:2
BRH:2
end_of_record
TN:
SF:blockchain.js
FN:6,(anonymous_0)
FN:10,(anonymous_1)
FN:19,(anonymous_2)
FN:35,(anonymous_3)
FNF:4
FNH:4
FNDA:22,(anonymous_0)
FNDA:19,(anonymous_1)
FNDA:3,(anonymous_2)
FNDA:7,(anonymous_3)
DA:1,1
DA:2,1
DA:7,22
DA:12,19
DA:16,19
DA:21,3
DA:22,1
DA:23,1
DA:25,2
DA:27,1
DA:28,1
DA:31,1
DA:32,1
DA:37,7
DA:38,1
DA:41,6
DA:43,16
DA:44,16
DA:45,16
DA:47,16
DA:50,15
DA:51,15
DA:53,13
DA:56,2
DA:63,1
LF:25
LH:25
BRDA:21,0,0,1
BRDA:21,0,1,2
BRDA:25,1,0,1
BRDA:25,1,1,1
BRDA:37,2,0,1
BRDA:37,2,1,6
BRDA:47,3,0,1
BRDA:47,3,1,15
BRDA:51,4,0,2
BRDA:51,4,1,13
BRDA:53,5,0,1
BRDA:53,5,1,12
BRF:12
BRH:12
end_of_record
TN:
SF:config.js
FNF:0
FNH:0
DA:1,2
DA:2,2
DA:4,2
DA:12,2
LF:4
LH:4
BRF:0
BRH:0
end_of_record
TN:
SF:crypto-hash.js
FN:3,(anonymous_0)
FNF:1
FNH:1
FNDA:175,(anonymous_0)
DA:1,3
DA:3,3
DA:5,175
DA:7,175
DA:9,175
DA:13,3
LF:6
LH:6
BRF:0
BRH:0
end_of_record
