TN:
SF:block.js
FN:5,(anonymous_0)
FN:14,(anonymous_1)
FN:20,(anonymous_2)
FNF:3
FNH:3
FNDA:47,(anonymous_0)
FNDA:29,(anonymous_1)
FNDA:17,(anonymous_2)
DA:1,2
DA:2,2
DA:6,47
DA:7,47
DA:8,47
DA:9,47
DA:10,47
DA:11,47
DA:16,29
DA:26,17
DA:27,17
DA:28,17
DA:30,17
DA:31,33138
DA:32,33138
DA:33,33138
DA:35,17
DA:49,2
LF:18
LH:18
BRF:0
BRH:0
end_of_record
TN:
SF:blockchain.js
FN:6,(anonymous_0)
FN:10,(anonymous_1)
FN:19,(anonymous_2)
FN:35,(anonymous_3)
FNF:4
FNH:4
FNDA:20,(anonymous_0)
FNDA:16,(anonymous_1)
FNDA:3,(anonymous_2)
FNDA:6,(anonymous_3)
DA:1,1
DA:2,1
DA:7,20
DA:12,16
DA:16,16
DA:21,3
DA:22,1
DA:23,1
DA:25,2
DA:27,1
DA:28,1
DA:31,1
DA:32,1
DA:37,6
DA:38,1
DA:41,5
DA:43,12
DA:45,12
DA:46,12
DA:49,11
DA:50,11
DA:53,2
DA:60,1
LF:23
LH:23
BRDA:21,0,0,1
BRDA:21,0,1,2
BRDA:25,1,0,1
BRDA:25,1,1,1
BRDA:37,2,0,1
BRDA:37,2,1,5
BRDA:46,3,0,1
BRDA:46,3,1,11
BRDA:50,4,0,2
BRDA:50,4,1,9
BRF:10
BRH:10
end_of_record
TN:
SF:config.js
FNF:0
FNH:0
DA:1,2
DA:3,2
DA:11,2
LF:3
LH:3
BRF:0
BRH:0
end_of_record
TN:
SF:crypto-hash.js
FN:3,(anonymous_0)
FNF:1
FNH:1
FNDA:33153,(anonymous_0)
DA:1,3
DA:3,3
DA:5,33153
DA:7,33153
DA:9,33153
DA:13,3
LF:6
LH:6
BRF:0
BRH:0
end_of_record
